<?xml version="1.0" encoding="UTF-8"?>
<coverage generated="1725838275435" clover="3.2.0">
  <project timestamp="1725838275435" name="All files">
    <metrics statements="19" coveredstatements="19" conditionals="3" coveredconditionals="3" methods="11" coveredmethods="11" elements="33" coveredelements="33" complexity="0" loc="19" ncloc="19" packages="1" files="3" classes="3"/>
    <file name="useCookie.ts" path="C:\Users\UINETWORKS\taeo-hooks\src\hooks\useCookie.ts">
      <metrics statements="8" coveredstatements="8" conditionals="2" coveredconditionals="2" methods="4" coveredmethods="4"/>
      <line num="14" count="4" type="cond" truecount="2" falsecount="0"/>
      <line num="23" count="4" type="stmt"/>
      <line num="25" count="1" type="stmt"/>
      <line num="26" count="1" type="stmt"/>
      <line num="35" count="4" type="stmt"/>
      <line num="36" count="1" type="stmt"/>
      <line num="37" count="1" type="stmt"/>
      <line num="41" count="4" type="stmt"/>
    </file>
    <file name="useToggle.ts" path="C:\Users\UINETWORKS\taeo-hooks\src\hooks\useToggle.ts">
      <metrics statements="6" coveredstatements="6" conditionals="1" coveredconditionals="1" methods="4" coveredmethods="4"/>
      <line num="4" count="9" type="stmt"/>
      <line num="6" count="9" type="stmt"/>
      <line num="7" count="4" type="stmt"/>
      <line num="10" count="9" type="stmt"/>
      <line num="11" count="2" type="stmt"/>
      <line num="14" count="9" type="stmt"/>
    </file>
    <file name="useUnmount.ts" path="C:\Users\UINETWORKS\taeo-hooks\src\hooks\useUnmount.ts">
      <metrics statements="5" coveredstatements="5" conditionals="0" coveredconditionals="0" methods="3" coveredmethods="3"/>
      <line num="16" count="1" type="stmt"/>
      <line num="19" count="1" type="stmt"/>
      <line num="22" count="1" type="stmt"/>
      <line num="24" count="1" type="stmt"/>
      <line num="26" count="1" type="stmt"/>
    </file>
  </project>
</coverage>
