<?xml version="1.0" encoding="UTF-8"?>
<coverage generated="1725798005965" clover="3.2.0">
  <project timestamp="1725798005965" name="All files">
    <metrics statements="6" coveredstatements="6" conditionals="1" coveredconditionals="1" methods="4" coveredmethods="4" elements="11" coveredelements="11" complexity="0" loc="6" ncloc="6" packages="1" files="1" classes="1"/>
    <file name="useToggle.ts" path="C:\Users\UINETWORKS\taeo-hooks\src\hooks\useToggle.ts">
      <metrics statements="6" coveredstatements="6" conditionals="1" coveredconditionals="1" methods="4" coveredmethods="4"/>
      <line num="4" count="9" type="stmt"/>
      <line num="6" count="9" type="stmt"/>
      <line num="7" count="4" type="stmt"/>
      <line num="10" count="9" type="stmt"/>
      <line num="11" count="2" type="stmt"/>
      <line num="14" count="9" type="stmt"/>
    </file>
  </project>
</coverage>
