{"C:\\Users\\UINETWORKS\\taeo-hooks\\src\\hooks\\useCookie.ts": {"path":"C:\\Users\\UINETWORKS\\taeo-hooks\\src\\hooks\\useCookie.ts","statementMap":{"0":{"start":{"line":14,"column":30},"end":{"line":14,"column":91}},"1":{"start":{"line":14,"column":60},"end":{"line":14,"column":90}},"2":{"start":{"line":23,"column":23},"end":{"line":29,"column":3}},"3":{"start":{"line":25,"column":6},"end":{"line":25,"column":48}},"4":{"start":{"line":26,"column":6},"end":{"line":26,"column":26}},"5":{"start":{"line":35,"column":23},"end":{"line":38,"column":17}},"6":{"start":{"line":36,"column":4},"end":{"line":36,"column":30}},"7":{"start":{"line":37,"column":4},"end":{"line":37,"column":20}},"8":{"start":{"line":41,"column":2},"end":{"line":41,"column":48}}},"fnMap":{"0":{"name":"useCookie","decl":{"start":{"line":12,"column":24},"end":{"line":12,"column":33}},"loc":{"start":{"line":12,"column":53},"end":{"line":42,"column":1}},"line":12},"1":{"name":"(anonymous_1)","decl":{"start":{"line":14,"column":54},"end":{"line":14,"column":55}},"loc":{"start":{"line":14,"column":60},"end":{"line":14,"column":90}},"line":14},"2":{"name":"(anonymous_2)","decl":{"start":{"line":24,"column":4},"end":{"line":24,"column":5}},"loc":{"start":{"line":24,"column":62},"end":{"line":27,"column":5}},"line":24},"3":{"name":"(anonymous_3)","decl":{"start":{"line":35,"column":35},"end":{"line":35,"column":36}},"loc":{"start":{"line":35,"column":41},"end":{"line":38,"column":3}},"line":35}},"branchMap":{"0":{"loc":{"start":{"line":14,"column":60},"end":{"line":14,"column":90}},"type":"binary-expr","locations":[{"start":{"line":14,"column":60},"end":{"line":14,"column":82}},{"start":{"line":14,"column":86},"end":{"line":14,"column":90}}],"line":14}},"s":{"0":4,"1":3,"2":4,"3":1,"4":1,"5":4,"6":1,"7":1,"8":4},"f":{"0":4,"1":3,"2":1,"3":1},"b":{"0":[3,3]},"_coverageSchema":"1a1c01bbd47fc00a2c39e90264f33305004495a9","hash":"c063661a8a1d9ea0f511abb5695a89df7ee59006"}
,"C:\\Users\\UINETWORKS\\taeo-hooks\\src\\hooks\\useToggle.ts": {"path":"C:\\Users\\UINETWORKS\\taeo-hooks\\src\\hooks\\useToggle.ts","statementMap":{"0":{"start":{"line":4,"column":28},"end":{"line":4,"column":50}},"1":{"start":{"line":6,"column":17},"end":{"line":8,"column":8}},"2":{"start":{"line":7,"column":4},"end":{"line":7,"column":40}},"3":{"start":{"line":7,"column":28},"end":{"line":7,"column":38}},"4":{"start":{"line":10,"column":20},"end":{"line":12,"column":8}},"5":{"start":{"line":11,"column":4},"end":{"line":11,"column":23}},"6":{"start":{"line":14,"column":2},"end":{"line":14,"column":38}}},"fnMap":{"0":{"name":"useToggle","decl":{"start":{"line":3,"column":24},"end":{"line":3,"column":33}},"loc":{"start":{"line":3,"column":65},"end":{"line":15,"column":1}},"line":3},"1":{"name":"(anonymous_1)","decl":{"start":{"line":6,"column":29},"end":{"line":6,"column":30}},"loc":{"start":{"line":6,"column":35},"end":{"line":8,"column":3}},"line":6},"2":{"name":"(anonymous_2)","decl":{"start":{"line":7,"column":13},"end":{"line":7,"column":14}},"loc":{"start":{"line":7,"column":28},"end":{"line":7,"column":38}},"line":7},"3":{"name":"(anonymous_3)","decl":{"start":{"line":10,"column":32},"end":{"line":10,"column":33}},"loc":{"start":{"line":10,"column":55},"end":{"line":12,"column":3}},"line":10}},"branchMap":{"0":{"loc":{"start":{"line":3,"column":34},"end":{"line":3,"column":63}},"type":"default-arg","locations":[{"start":{"line":3,"column":58},"end":{"line":3,"column":63}}],"line":3}},"s":{"0":9,"1":9,"2":4,"3":4,"4":9,"5":2,"6":9},"f":{"0":9,"1":4,"2":4,"3":2},"b":{"0":[3]},"_coverageSchema":"1a1c01bbd47fc00a2c39e90264f33305004495a9","hash":"f22d483c510e6de3e4cdac7e8343fbaa4a2c6415"}
,"C:\\Users\\UINETWORKS\\taeo-hooks\\src\\hooks\\useUnmount.ts": {"path":"C:\\Users\\UINETWORKS\\taeo-hooks\\src\\hooks\\useUnmount.ts","statementMap":{"0":{"start":{"line":16,"column":18},"end":{"line":16,"column":30}},"1":{"start":{"line":19,"column":2},"end":{"line":19,"column":25}},"2":{"start":{"line":22,"column":2},"end":{"line":30,"column":4}},"3":{"start":{"line":24,"column":10},"end":{"line":27,"column":5}},"4":{"start":{"line":26,"column":6},"end":{"line":26,"column":24}}},"fnMap":{"0":{"name":"useUnmount","decl":{"start":{"line":14,"column":24},"end":{"line":14,"column":34}},"loc":{"start":{"line":14,"column":53},"end":{"line":31,"column":1}},"line":14},"1":{"name":"(anonymous_1)","decl":{"start":{"line":24,"column":4},"end":{"line":24,"column":5}},"loc":{"start":{"line":24,"column":10},"end":{"line":27,"column":5}},"line":24},"2":{"name":"(anonymous_2)","decl":{"start":{"line":24,"column":10},"end":{"line":24,"column":11}},"loc":{"start":{"line":24,"column":16},"end":{"line":27,"column":5}},"line":24}},"branchMap":{},"s":{"0":1,"1":1,"2":1,"3":1,"4":1},"f":{"0":1,"1":1,"2":1},"b":{},"_coverageSchema":"1a1c01bbd47fc00a2c39e90264f33305004495a9","hash":"03c7dcb72ab5a6f30c4d882470cf9593e8e82c43"}
}
