{"C:\\Users\\UINETWORKS\\taeo-hooks\\src\\hooks\\useToggle.ts": {"path":"C:\\Users\\UINETWORKS\\taeo-hooks\\src\\hooks\\useToggle.ts","statementMap":{"0":{"start":{"line":4,"column":28},"end":{"line":4,"column":50}},"1":{"start":{"line":6,"column":17},"end":{"line":8,"column":8}},"2":{"start":{"line":7,"column":4},"end":{"line":7,"column":40}},"3":{"start":{"line":7,"column":28},"end":{"line":7,"column":38}},"4":{"start":{"line":10,"column":20},"end":{"line":12,"column":8}},"5":{"start":{"line":11,"column":4},"end":{"line":11,"column":23}},"6":{"start":{"line":14,"column":2},"end":{"line":14,"column":38}}},"fnMap":{"0":{"name":"useToggle","decl":{"start":{"line":3,"column":24},"end":{"line":3,"column":33}},"loc":{"start":{"line":3,"column":65},"end":{"line":15,"column":1}},"line":3},"1":{"name":"(anonymous_1)","decl":{"start":{"line":6,"column":29},"end":{"line":6,"column":30}},"loc":{"start":{"line":6,"column":35},"end":{"line":8,"column":3}},"line":6},"2":{"name":"(anonymous_2)","decl":{"start":{"line":7,"column":13},"end":{"line":7,"column":14}},"loc":{"start":{"line":7,"column":28},"end":{"line":7,"column":38}},"line":7},"3":{"name":"(anonymous_3)","decl":{"start":{"line":10,"column":32},"end":{"line":10,"column":33}},"loc":{"start":{"line":10,"column":55},"end":{"line":12,"column":3}},"line":10}},"branchMap":{"0":{"loc":{"start":{"line":3,"column":34},"end":{"line":3,"column":63}},"type":"default-arg","locations":[{"start":{"line":3,"column":58},"end":{"line":3,"column":63}}],"line":3}},"s":{"0":9,"1":9,"2":4,"3":4,"4":9,"5":2,"6":9},"f":{"0":9,"1":4,"2":4,"3":2},"b":{"0":[3]},"_coverageSchema":"1a1c01bbd47fc00a2c39e90264f33305004495a9","hash":"f22d483c510e6de3e4cdac7e8343fbaa4a2c6415"}
}
