TN:
SF:src\hooks\useCookie.ts
FN:12,useCookie
FN:14,(anonymous_1)
FN:24,(anonymous_2)
FN:35,(anonymous_3)
FNF:4
FNH:4
FNDA:4,useCookie
FNDA:3,(anonymous_1)
FNDA:1,(anonymous_2)
FNDA:1,(anonymous_3)
DA:14,4
DA:23,4
DA:25,1
DA:26,1
DA:35,4
DA:36,1
DA:37,1
DA:41,4
LF:8
LH:8
BRDA:14,0,0,3
BRDA:14,0,1,3
BRF:2
BRH:2
end_of_record
TN:
SF:src\hooks\useToggle.ts
FN:3,useToggle
FN:6,(anonymous_1)
FN:7,(anonymous_2)
FN:10,(anonymous_3)
FNF:4
FNH:4
FNDA:9,useToggle
FNDA:4,(anonymous_1)
FNDA:4,(anonymous_2)
FNDA:2,(anonymous_3)
DA:4,9
DA:6,9
DA:7,4
DA:10,9
DA:11,2
DA:14,9
LF:6
LH:6
BRDA:3,0,0,3
BRF:1
BRH:1
end_of_record
TN:
SF:src\hooks\useUnmount.ts
FN:14,useUnmount
FN:24,(anonymous_1)
FN:24,(anonymous_2)
FNF:3
FNH:3
FNDA:1,useUnmount
FNDA:1,(anonymous_1)
FNDA:1,(anonymous_2)
DA:16,1
DA:19,1
DA:22,1
DA:24,1
DA:26,1
LF:5
LH:5
BRF:0
BRH:0
end_of_record
