TN:
SF:src\hooks\useCookie.ts
FN:12,useCookie
FN:14,(anonymous_1)
FN:24,(anonymous_2)
FN:35,(anonymous_3)
FNF:4
FNH:4
FNDA:4,useCookie
FNDA:3,(anonymous_1)
FNDA:1,(anonymous_2)
FNDA:1,(anonymous_3)
DA:14,4
DA:23,4
DA:25,1
DA:26,1
DA:35,4
DA:36,1
DA:37,1
DA:41,4
LF:8
LH:8
BRDA:14,0,0,3
BRDA:14,0,1,3
BRF:2
BRH:2
end_of_record
TN:
SF:src\hooks\useFetch.ts
FN:13,(anonymous_0)
FN:18,(anonymous_1)
FN:21,(anonymous_2)
FN:52,(anonymous_3)
FNF:4
FNH:4
FNDA:6,(anonymous_0)
FNDA:2,(anonymous_1)
FNDA:2,(anonymous_2)
FNDA:2,(anonymous_3)
DA:13,1
DA:14,6
DA:15,6
DA:16,6
DA:18,6
DA:19,2
DA:21,2
DA:22,2
DA:23,2
DA:24,2
DA:25,2
DA:34,2
DA:35,1
DA:37,1
DA:38,1
DA:40,1
DA:41,1
DA:43,0
DA:46,2
DA:50,2
DA:52,2
DA:53,2
DA:57,6
LF:23
LH:22
BRDA:34,0,0,1
BRDA:34,0,1,1
BRDA:40,1,0,1
BRDA:40,1,1,0
BRF:4
BRH:3
end_of_record
TN:
SF:src\hooks\usePrevious.ts
FN:25,usePrevious
FN:30,(anonymous_1)
FNF:2
FNH:2
FNDA:4,usePrevious
FNDA:4,(anonymous_1)
DA:27,4
DA:30,4
DA:31,4
DA:35,4
LF:4
LH:4
BRF:0
BRH:0
end_of_record
TN:
SF:src\hooks\useToggle.ts
FN:3,useToggle
FN:6,(anonymous_1)
FN:7,(anonymous_2)
FN:10,(anonymous_3)
FNF:4
FNH:4
FNDA:9,useToggle
FNDA:4,(anonymous_1)
FNDA:4,(anonymous_2)
FNDA:2,(anonymous_3)
DA:4,9
DA:6,9
DA:7,4
DA:10,9
DA:11,2
DA:14,9
LF:6
LH:6
BRDA:3,0,0,3
BRF:1
BRH:1
end_of_record
TN:
SF:src\hooks\useUnmount.ts
FN:14,useUnmount
FN:24,(anonymous_1)
FN:24,(anonymous_2)
FNF:3
FNH:3
FNDA:1,useUnmount
FNDA:1,(anonymous_1)
FNDA:1,(anonymous_2)
DA:16,1
DA:19,1
DA:22,1
DA:24,1
DA:26,1
LF:5
LH:5
BRF:0
BRH:0
end_of_record
